<?xml version="1.0" encoding="UTF-8"?>
<testng-results ignored="0" total="4" passed="4" failed="0" skipped="0">
  <reporter-output>
  </reporter-output>
  <suite started-at="2023-08-20T12:05:21 IST" name="Default suite" finished-at="2023-08-20T12:07:57 IST" duration-ms="155735">
    <groups>
    </groups>
    <test started-at="2023-08-20T12:05:21 IST" name="Default test" finished-at="2023-08-20T12:07:57 IST" duration-ms="155735">
      <class name="TestCases.lumanlogin1">
        <test-method is-config="true" signature="setup()[pri:0, instance:TestCases.lumanlogin1@202b0582]" started-at="2023-08-20T12:05:22 IST" name="setup" finished-at="2023-08-20T12:05:32 IST" duration-ms="10661" status="PASS">
          <reporter-output>
          </reporter-output>
        </test-method> <!-- setup -->
        <test-method signature="Test(java.lang.String,java.lang.String)[pri:0, instance:TestCases.lumanlogin1@202b0582]" started-at="2023-08-20T12:05:32 IST" name="Test" data-provider="testdata" finished-at="2023-08-20T12:06:05 IST" duration-ms="32694" status="PASS">
          <params>
            <param index="0">
              <value>
                <![CDATA[Killer7412@gmail.com]]>
              </value>
            </param>
            <param index="1">
              <value>
                <![CDATA[Killer@952]]>
              </value>
            </param>
          </params>
          <reporter-output>
          </reporter-output>
        </test-method> <!-- Test -->
        <test-method is-config="true" signature="setup()[pri:0, instance:TestCases.lumanlogin1@202b0582]" started-at="2023-08-20T12:06:05 IST" name="setup" finished-at="2023-08-20T12:06:10 IST" duration-ms="5293" status="PASS">
          <reporter-output>
          </reporter-output>
        </test-method> <!-- setup -->
        <test-method signature="Test(java.lang.String,java.lang.String)[pri:0, instance:TestCases.lumanlogin1@202b0582]" started-at="2023-08-20T12:06:10 IST" name="Test" data-provider="testdata" finished-at="2023-08-20T12:06:42 IST" duration-ms="31522" status="PASS">
          <params>
            <param index="0">
              <value>
                <![CDATA[Killer6312@gmail.com]]>
              </value>
            </param>
            <param index="1">
              <value>
                <![CDATA[Killer@972]]>
              </value>
            </param>
          </params>
          <reporter-output>
          </reporter-output>
        </test-method> <!-- Test -->
        <test-method is-config="true" signature="setup()[pri:0, instance:TestCases.lumanlogin1@202b0582]" started-at="2023-08-20T12:06:42 IST" name="setup" finished-at="2023-08-20T12:06:47 IST" duration-ms="5286" status="PASS">
          <reporter-output>
          </reporter-output>
        </test-method> <!-- setup -->
        <test-method signature="Test(java.lang.String,java.lang.String)[pri:0, instance:TestCases.lumanlogin1@202b0582]" started-at="2023-08-20T12:06:47 IST" name="Test" data-provider="testdata" finished-at="2023-08-20T12:07:17 IST" duration-ms="30102" status="PASS">
          <params>
            <param index="0">
              <value>
                <![CDATA[Killer6712@gmail.com]]>
              </value>
            </param>
            <param index="1">
              <value>
                <![CDATA[Killer@862]]>
              </value>
            </param>
          </params>
          <reporter-output>
          </reporter-output>
        </test-method> <!-- Test -->
        <test-method is-config="true" signature="setup()[pri:0, instance:TestCases.lumanlogin1@202b0582]" started-at="2023-08-20T12:07:17 IST" name="setup" finished-at="2023-08-20T12:07:24 IST" duration-ms="6794" status="PASS">
          <reporter-output>
          </reporter-output>
        </test-method> <!-- setup -->
        <test-method signature="Test(java.lang.String,java.lang.String)[pri:0, instance:TestCases.lumanlogin1@202b0582]" started-at="2023-08-20T12:07:24 IST" name="Test" data-provider="testdata" finished-at="2023-08-20T12:07:57 IST" duration-ms="33292" status="PASS">
          <params>
            <param index="0">
              <value>
                <![CDATA[Killer123@gmail.com]]>
              </value>
            </param>
            <param index="1">
              <value>
                <![CDATA[Killer@123]]>
              </value>
            </param>
          </params>
          <reporter-output>
          </reporter-output>
        </test-method> <!-- Test -->
      </class> <!-- TestCases.lumanlogin1 -->
    </test> <!-- Default test -->
  </suite> <!-- Default suite -->
</testng-results>
